<?xml version="1.0" encoding="utf-8" standalone="no"?>
<!--This file represents the results of running a test suite-->
<test-results name="C:\Users\William\Documents\GitHub\ComputingProject2\RedSky\ProjectSettings\RedSkyTesting.nunit" total="1" errors="0" failures="0" not-run="0" inconclusive="0" ignored="0" skipped="0" invalid="0" date="2013-01-23" time="13:54:28">
  <environment nunit-version="2.6.2.12296" clr-version="2.0.50727.5466" os-version="Microsoft Windows NT 6.1.7601 Service Pack 1" platform="Win32NT" cwd="C:\Program Files (x86)\NUnit 2.6.2\bin" machine-name="WILLIAM-MSI" user="William" user-domain="William-MSI" />
  <culture-info current-culture="en-IE" current-uiculture="en-US" />
  <test-suite type="Project" name="C:\Users\William\Documents\GitHub\ComputingProject2\RedSky\ProjectSettings\RedSkyTesting.nunit" executed="True" result="Success" success="True" time="0.129" asserts="0">
    <results>
      <test-suite type="Assembly" name="C:\Users\William\Documents\GitHub\ComputingProject2\RedSky\obj\Debug\Assembly-CSharp.dll" executed="True" result="Inconclusive" success="False" time="0.005" asserts="0" />
      <test-suite type="Assembly" name="C:\Users\William\Documents\GitHub\ComputingProject2\RedSkyProjectTesting\RedSkyProjectTesting\bin\Debug\RedSkyProjectTesting.dll" executed="True" result="Success" success="True" time="0.094" asserts="0">
        <results>
          <test-suite type="Namespace" name="RedSkyProjectTesting" executed="True" result="Success" success="True" time="0.093" asserts="0">
            <results>
              <test-suite type="TestFixture" name="TestFoo" executed="True" result="Success" success="True" time="0.091" asserts="0">
                <results>
                  <test-case name="RedSkyProjectTesting.TestFoo.TestFooScript" executed="True" result="Success" success="True" time="0.040" asserts="1" />
                </results>
              </test-suite>
            </results>
          </test-suite>
        </results>
      </test-suite>
    </results>
  </test-suite>
</test-results>